2024-04-16T09:34:27+00:00 DEBUG Tt4b_Pixel_Class::inject_view_content_event: hit ViewContent
2024-04-16T09:34:27+00:00 DEBUG Tt4b_Pixel_Class::inject_view_content_event: Missing option "access_token"
2024-04-16T09:35:28+00:00 DEBUG Tt4b_Pixel_Class::inject_view_content_event: hit ViewContent
2024-04-16T09:35:28+00:00 DEBUG Tt4b_Pixel_Class::inject_view_content_event: Missing option "access_token"
2024-04-16T09:35:32+00:00 DEBUG Tt4b_Pixel_Class::inject_add_to_cart_event: hit AddToCart
2024-04-16T09:35:32+00:00 DEBUG Tt4b_Pixel_Class::inject_add_to_cart_event: Missing option "access_token"
2024-04-16T09:35:32+00:00 DEBUG Tt4b_Pixel_Class::inject_view_content_event: hit ViewContent
2024-04-16T09:35:32+00:00 DEBUG Tt4b_Pixel_Class::inject_view_content_event: Missing option "access_token"
2024-04-16T09:35:35+00:00 DEBUG Tt4b_Pixel_Class::inject_view_content_event: hit ViewContent
2024-04-16T09:35:35+00:00 DEBUG Tt4b_Pixel_Class::inject_view_content_event: Missing option "access_token"
2024-04-16T09:35:46+00:00 DEBUG Tt4b_Pixel_Class::inject_add_to_cart_event: hit AddToCart
2024-04-16T09:35:46+00:00 DEBUG Tt4b_Pixel_Class::inject_add_to_cart_event: Missing option "access_token"
2024-04-16T09:35:46+00:00 DEBUG Tt4b_Pixel_Class::inject_view_content_event: hit ViewContent
2024-04-16T09:35:46+00:00 DEBUG Tt4b_Pixel_Class::inject_view_content_event: Missing option "access_token"
2024-04-16T09:39:16+00:00 DEBUG Tt4b_Pixel_Class::inject_purchase_event: hit Purchase
2024-04-16T09:39:16+00:00 DEBUG Tt4b_Pixel_Class::inject_purchase_event: Missing option "access_token"
2024-04-16T09:46:22+00:00 DEBUG tt4b_product_delete: missing access token for tt4b_product_sync
2024-04-16T09:46:24+00:00 DEBUG tt4b_product_delete: missing access token for tt4b_product_sync
2024-04-16T09:46:26+00:00 DEBUG tt4b_product_delete: missing access token for tt4b_product_sync
2024-04-16T09:46:28+00:00 DEBUG tt4b_product_delete: missing access token for tt4b_product_sync
2024-04-16T09:46:30+00:00 DEBUG tt4b_product_delete: missing access token for tt4b_product_sync
2024-04-16T09:46:33+00:00 DEBUG tt4b_product_delete: missing access token for tt4b_product_sync
2024-04-16T09:46:35+00:00 DEBUG tt4b_product_delete: missing access token for tt4b_product_sync
2024-04-16T09:46:37+00:00 DEBUG tt4b_product_delete: missing access token for tt4b_product_sync
2024-04-16T16:08:24+00:00 DEBUG Tt4b_Pixel_Class::inject_view_content_event: hit ViewContent
2024-04-16T16:08:24+00:00 DEBUG Tt4b_Pixel_Class::inject_view_content_event: Missing option "access_token"
2024-04-16T16:08:53+00:00 DEBUG Tt4b_Pixel_Class::inject_view_content_event: hit ViewContent
2024-04-16T16:08:53+00:00 DEBUG Tt4b_Pixel_Class::inject_view_content_event: Missing option "access_token"
