2024-04-10T12:08:25+00:00 DEBUG tt4b_product_delete: missing access token for tt4b_product_sync
2024-04-10T12:08:25+00:00 DEBUG tt4b_product_delete: missing access token for tt4b_product_sync
2024-04-10T12:08:28+00:00 DEBUG tt4b_product_delete: missing access token for tt4b_product_sync
2024-04-10T12:08:28+00:00 DEBUG tt4b_product_delete: missing access token for tt4b_product_sync
2024-04-10T12:10:04+00:00 DEBUG tt4b_product_delete: missing access token for tt4b_product_sync
2024-04-10T12:10:04+00:00 DEBUG tt4b_product_delete: missing access token for tt4b_product_sync
2024-04-10T12:16:44+00:00 DEBUG tt4b_product_delete: missing access token for tt4b_product_sync
2024-04-10T12:16:44+00:00 DEBUG tt4b_product_delete: missing access token for tt4b_product_sync
2024-04-10T12:20:58+00:00 DEBUG tt4b_product_delete: missing access token for tt4b_product_sync
2024-04-10T12:20:58+00:00 DEBUG tt4b_product_delete: missing access token for tt4b_product_sync
2024-04-10T12:22:05+00:00 DEBUG tt4b_product_delete: missing access token for tt4b_product_sync
2024-04-10T12:22:05+00:00 DEBUG tt4b_product_delete: missing access token for tt4b_product_sync
2024-04-10T12:26:06+00:00 DEBUG tt4b_product_delete: missing access token for tt4b_product_sync
2024-04-10T12:26:06+00:00 DEBUG tt4b_product_delete: missing access token for tt4b_product_sync
2024-04-10T13:02:59+00:00 DEBUG Tt4b_Pixel_Class::inject_initiate_checkout_event: hit InitiateCheckout
2024-04-10T13:02:59+00:00 DEBUG Tt4b_Pixel_Class::inject_initiate_checkout_event: Missing option "access_token"
2024-04-10T13:13:58+00:00 DEBUG Tt4b_Pixel_Class::inject_view_content_event: hit ViewContent
2024-04-10T13:13:58+00:00 DEBUG Tt4b_Pixel_Class::inject_view_content_event: Missing option "access_token"
2024-04-10T13:14:49+00:00 DEBUG Tt4b_Pixel_Class::inject_view_content_event: hit ViewContent
2024-04-10T13:14:49+00:00 DEBUG Tt4b_Pixel_Class::inject_view_content_event: Missing option "access_token"
2024-04-10T14:33:31+00:00 DEBUG Tt4b_Pixel_Class::inject_view_content_event: hit ViewContent
2024-04-10T14:33:31+00:00 DEBUG Tt4b_Pixel_Class::inject_view_content_event: Missing option "access_token"
2024-04-10T14:37:17+00:00 DEBUG tt4b_product_delete: missing access token for tt4b_product_sync
2024-04-10T14:37:17+00:00 DEBUG tt4b_product_delete: missing access token for tt4b_product_sync
2024-04-10T14:40:46+00:00 DEBUG tt4b_product_delete: missing access token for tt4b_product_sync
2024-04-10T14:40:46+00:00 DEBUG tt4b_product_delete: missing access token for tt4b_product_sync
2024-04-10T14:43:23+00:00 DEBUG tt4b_product_delete: missing access token for tt4b_product_sync
2024-04-10T14:43:23+00:00 DEBUG tt4b_product_delete: missing access token for tt4b_product_sync
2024-04-10T14:45:27+00:00 DEBUG tt4b_product_delete: missing access token for tt4b_product_sync
2024-04-10T14:45:27+00:00 DEBUG tt4b_product_delete: missing access token for tt4b_product_sync
2024-04-10T14:45:45+00:00 DEBUG Tt4b_Pixel_Class::inject_view_content_event: hit ViewContent
2024-04-10T14:45:45+00:00 DEBUG Tt4b_Pixel_Class::inject_view_content_event: Missing option "access_token"
2024-04-10T14:50:34+00:00 DEBUG Tt4b_Pixel_Class::inject_view_content_event: hit ViewContent
2024-04-10T14:50:34+00:00 DEBUG Tt4b_Pixel_Class::inject_view_content_event: Missing option "access_token"
2024-04-10T15:10:55+00:00 DEBUG Tt4b_Pixel_Class::inject_view_content_event: hit ViewContent
2024-04-10T15:10:55+00:00 DEBUG Tt4b_Pixel_Class::inject_view_content_event: Missing option "access_token"
2024-04-10T15:11:21+00:00 DEBUG Tt4b_Pixel_Class::inject_view_content_event: hit ViewContent
2024-04-10T15:11:21+00:00 DEBUG Tt4b_Pixel_Class::inject_view_content_event: Missing option "access_token"
2024-04-10T15:11:31+00:00 DEBUG Tt4b_Pixel_Class::inject_view_content_event: hit ViewContent
2024-04-10T15:11:31+00:00 DEBUG Tt4b_Pixel_Class::inject_view_content_event: Missing option "access_token"
2024-04-10T15:11:44+00:00 DEBUG Tt4b_Pixel_Class::inject_view_content_event: hit ViewContent
2024-04-10T15:11:44+00:00 DEBUG Tt4b_Pixel_Class::inject_view_content_event: Missing option "access_token"
2024-04-10T15:24:42+00:00 DEBUG Tt4b_Pixel_Class::inject_view_content_event: hit ViewContent
2024-04-10T15:24:42+00:00 DEBUG Tt4b_Pixel_Class::inject_view_content_event: Missing option "access_token"
2024-04-10T15:57:12+00:00 DEBUG Tt4b_Pixel_Class::inject_view_content_event: hit ViewContent
2024-04-10T15:57:12+00:00 DEBUG Tt4b_Pixel_Class::inject_view_content_event: Missing option "access_token"
2024-04-10T16:08:04+00:00 DEBUG Tt4b_Pixel_Class::inject_view_content_event: hit ViewContent
2024-04-10T16:08:04+00:00 DEBUG Tt4b_Pixel_Class::inject_view_content_event: Missing option "access_token"
2024-04-10T16:16:59+00:00 DEBUG Tt4b_Pixel_Class::inject_view_content_event: hit ViewContent
2024-04-10T16:16:59+00:00 DEBUG Tt4b_Pixel_Class::inject_view_content_event: Missing option "access_token"
2024-04-10T16:17:17+00:00 DEBUG Tt4b_Pixel_Class::inject_view_content_event: hit ViewContent
2024-04-10T16:17:17+00:00 DEBUG Tt4b_Pixel_Class::inject_view_content_event: Missing option "access_token"
