2024-05-02T08:15:06+00:00 DEBUG POST: https://business-api.tiktok.com/tbp/v2.0/business_profile/disconnect?external_data=

{"business_platform":"WOO_COMMERCE","external_business_id":"tt4b_woocommerce_660fd640013b3"}
 ajax: no
2024-05-02T08:15:07+00:00 DEBUG Tt4b_Mapi_Class::tbp_post: Response: 

HTTP/1.1 200 OK
Content-Type: application/json; charset=utf-8
Content-Length: 95
X-Api-Deprecation-Info: API for Business Version 1.3 is now live. To avoid disruption to your business, we recommend you migrate all calls to v1.3 as soon as possible. Please visit our migration guide for more details: https://ads.tiktok.com/marketing_api/docs?id=1740029169927169
X-Domain-Change-Info: We have moved to the new domain business-api.tiktok.com for API services after the Platform Upgrade on 09/30/2021. Please update all of your requests with the new domain if you haven't done so already. For more information, please visit https://ads.tiktok.com/marketing_api/docs?rid=esb88xalm6m&id=1709207085043713
X-Tt-Logid: 2024050208150537B396CF601C181C20CF
x-tt-trace-host: 017fcd664253077166a5d66d1cf92c5a9fa6a0fe22548a61e1eeae8957945f1c1b8a76aceaea746cf128edbea6109ee0cdb4c47dca5156d83bea2a37fb6a6d5d26e0ff9116db525c17e09b82ccaec0e89ebcbca4f2b5a4ebabdabbf99e9dbe205b3116992d673f805b7b116c37b2a3071f
x-tt-trace-id: 00-24050208150537B396CF601C181C20CF-20D7AFE62537BC34-00
Server: TLB
X-Origin-Response-Time: 11,23.54.124.40
X-Akamai-Request-ID: 3743773b.2fe88ee1
Expires: Thu, 02 May 2024 08:15:07 GMT
Cache-Control: max-age=0, no-cache, no-store
Pragma: no-cache
Date: Thu, 02 May 2024 08:15:07 GMT
X-Cache: TCP_MISS from a2-16-239-21.deploy.akamaitechnologies.com (AkamaiGHost/11.4.5-55502997) (-)
Connection: close
X-Cache-Remote: TCP_MISS from a23-54-124-40.deploy.akamaitechnologies.com (AkamaiGHost/11.4.5-55502997) (-)
x-tt-trace-tag: id=16;cdn-cache=miss;type=dyn
Server-Timing: cdn-cache; desc=MISS, edge; dur=293, origin; dur=11
Server-Timing: inner; dur=7
X-Parent-Response-Time: 304,2.16.239.21

{"code":40001,"message":"Permission denied.","request_id":"2024050208150537B396CF601C181C20CF"}
2024-05-02T08:15:07+00:00 DEBUG POST: https://business-api.tiktok.com/tbp/v2.0/shop/connection/disconnect?external_data=

--- EMPTY STRING ---
 ajax: no
2024-05-02T08:15:08+00:00 DEBUG Tt4b_Mapi_Class::tts_shop_disconnect: Response: 

HTTP/1.1 200 OK
Content-Type: application/json; charset=utf-8
Content-Length: 95
X-Api-Deprecation-Info: API for Business Version 1.3 is now live. To avoid disruption to your business, we recommend you migrate all calls to v1.3 as soon as possible. Please visit our migration guide for more details: https://ads.tiktok.com/marketing_api/docs?id=1740029169927169
X-Domain-Change-Info: We have moved to the new domain business-api.tiktok.com for API services after the Platform Upgrade on 09/30/2021. Please update all of your requests with the new domain if you haven't done so already. For more information, please visit https://ads.tiktok.com/marketing_api/docs?rid=esb88xalm6m&id=1709207085043713
X-Tt-Logid: 20240502081506A90E593BE554991D45A2
x-tt-trace-host: 017fcd664253077166a5d66d1cf92c5a9ff3724544fe4cf04fb4409408608397fd38903c57d964be86b8b6cd8f82595606ad0c2cea6c037883e2fc99cb2cf20da4e6a694fc937f0c54d3a8229d639e70be48a82770347326cfe284ce7b52c4c75268cd7d9a6d86b73d328494883618aa6a
x-tt-trace-id: 00-240502081506A90E593BE554991D45A2-6B1E905570E6D7A7-00
Server: TLB
X-Origin-Response-Time: 11,23.211.140.140
X-Akamai-Request-ID: e285631.2fe89988
Expires: Thu, 02 May 2024 08:15:07 GMT
Cache-Control: max-age=0, no-cache, no-store
Pragma: no-cache
Date: Thu, 02 May 2024 08:15:07 GMT
X-Cache: TCP_MISS from a2-16-239-21.deploy.akamaitechnologies.com (AkamaiGHost/11.4.5-55502997) (-)
Connection: close
X-Cache-Remote: TCP_MISS from a23-211-140-140.deploy.akamaitechnologies.com (AkamaiGHost/11.4.5-55502997) (-)
x-tt-trace-tag: id=16;cdn-cache=miss;type=dyn
Server-Timing: cdn-cache; desc=MISS, edge; dur=297, origin; dur=11
Server-Timing: inner; dur=6
X-Parent-Response-Time: 308,2.16.239.21

{"code":40001,"message":"Permission denied.","request_id":"20240502081506A90E593BE554991D45A2"}
